<?xml version="1.0" encoding="UTF-8"?>
<coverage generated="1687625618627" clover="3.2.0">
  <project timestamp="1687625618627" name="All files">
    <metrics statements="23" coveredstatements="23" conditionals="14" coveredconditionals="14" methods="2" coveredmethods="2" elements="39" coveredelements="39" complexity="0" loc="23" ncloc="23" packages="1" files="2" classes="2"/>
    <file name="formatPhone.js" path="/project/sandbox/src/formatPhone.js">
      <metrics statements="17" coveredstatements="17" conditionals="12" coveredconditionals="12" methods="1" coveredmethods="1"/>
      <line num="1" count="1" type="stmt"/>
      <line num="3" count="1" type="stmt"/>
      <line num="4" count="7" type="cond" truecount="2" falsecount="0"/>
      <line num="5" count="6" type="stmt"/>
      <line num="6" count="6" type="stmt"/>
      <line num="7" count="6" type="stmt"/>
      <line num="8" count="6" type="stmt"/>
      <line num="10" count="6" type="stmt"/>
      <line num="11" count="6" type="cond" truecount="2" falsecount="0"/>
      <line num="12" count="4" type="stmt"/>
      <line num="13" count="4" type="stmt"/>
      <line num="15" count="6" type="cond" truecount="2" falsecount="0"/>
      <line num="16" count="2" type="stmt"/>
      <line num="17" count="2" type="stmt"/>
      <line num="19" count="6" type="cond" truecount="6" falsecount="0"/>
      <line num="21" count="1" type="stmt"/>
      <line num="24" count="1" type="stmt"/>
    </file>
    <file name="removeFormatting.js" path="/project/sandbox/src/removeFormatting.js">
      <metrics statements="6" coveredstatements="6" conditionals="2" coveredconditionals="2" methods="1" coveredmethods="1"/>
      <line num="1" count="2" type="stmt"/>
      <line num="2" count="12" type="stmt"/>
      <line num="3" count="12" type="stmt"/>
      <line num="4" count="78" type="cond" truecount="2" falsecount="0"/>
      <line num="6" count="12" type="stmt"/>
      <line num="9" count="2" type="stmt"/>
    </file>
  </project>
</coverage>
