{"/project/leetcode-FE-assessment-VanillaJS/src/formatPhone.js": {"path":"/project/leetcode-FE-assessment-VanillaJS/src/formatPhone.js","statementMap":{"0":{"start":{"line":1,"column":25},"end":{"line":1,"column":54}},"1":{"start":{"line":3,"column":20},"end":{"line":22,"column":1}},"2":{"start":{"line":4,"column":2},"end":{"line":20,"column":3}},"3":{"start":{"line":5,"column":14},"end":{"line":5,"column":18}},"4":{"start":{"line":6,"column":12},"end":{"line":6,"column":16}},"5":{"start":{"line":7,"column":13},"end":{"line":7,"column":17}},"6":{"start":{"line":8,"column":14},"end":{"line":8,"column":35}},"7":{"start":{"line":10,"column":4},"end":{"line":10,"column":26}},"8":{"start":{"line":11,"column":4},"end":{"line":14,"column":5}},"9":{"start":{"line":12,"column":6},"end":{"line":12,"column":24}},"10":{"start":{"line":13,"column":6},"end":{"line":13,"column":28}},"11":{"start":{"line":15,"column":4},"end":{"line":18,"column":5}},"12":{"start":{"line":16,"column":6},"end":{"line":16,"column":22}},"13":{"start":{"line":17,"column":6},"end":{"line":17,"column":38}},"14":{"start":{"line":19,"column":4},"end":{"line":19,"column":51}},"15":{"start":{"line":21,"column":2},"end":{"line":21,"column":12}},"16":{"start":{"line":24,"column":0},"end":{"line":24,"column":29}}},"fnMap":{"0":{"name":"(anonymous_0)","decl":{"start":{"line":3,"column":20},"end":{"line":3,"column":21}},"loc":{"start":{"line":3,"column":34},"end":{"line":22,"column":1}},"line":3}},"branchMap":{"0":{"loc":{"start":{"line":4,"column":2},"end":{"line":20,"column":3}},"type":"if","locations":[{"start":{"line":4,"column":2},"end":{"line":20,"column":3}},{"start":{},"end":{}}],"line":4},"1":{"loc":{"start":{"line":11,"column":4},"end":{"line":14,"column":5}},"type":"if","locations":[{"start":{"line":11,"column":4},"end":{"line":14,"column":5}},{"start":{},"end":{}}],"line":11},"2":{"loc":{"start":{"line":15,"column":4},"end":{"line":18,"column":5}},"type":"if","locations":[{"start":{"line":15,"column":4},"end":{"line":18,"column":5}},{"start":{},"end":{}}],"line":15},"3":{"loc":{"start":{"line":19,"column":14},"end":{"line":19,"column":23}},"type":"binary-expr","locations":[{"start":{"line":19,"column":14},"end":{"line":19,"column":17}},{"start":{"line":19,"column":21},"end":{"line":19,"column":23}}],"line":19},"4":{"loc":{"start":{"line":19,"column":26},"end":{"line":19,"column":35}},"type":"binary-expr","locations":[{"start":{"line":19,"column":26},"end":{"line":19,"column":29}},{"start":{"line":19,"column":33},"end":{"line":19,"column":35}}],"line":19},"5":{"loc":{"start":{"line":19,"column":38},"end":{"line":19,"column":48}},"type":"binary-expr","locations":[{"start":{"line":19,"column":38},"end":{"line":19,"column":42}},{"start":{"line":19,"column":46},"end":{"line":19,"column":48}}],"line":19}},"s":{"0":1,"1":1,"2":7,"3":6,"4":6,"5":6,"6":6,"7":6,"8":6,"9":4,"10":4,"11":6,"12":2,"13":2,"14":6,"15":1,"16":1},"f":{"0":7},"b":{"0":[6,1],"1":[4,2],"2":[2,4],"3":[6,1],"4":[6,2],"5":[6,4]},"_coverageSchema":"1a1c01bbd47fc00a2c39e90264f33305004495a9","hash":"34a9b5e17062fd0a252a826b241dd06245b402fa"}
,"/project/leetcode-FE-assessment-VanillaJS/src/removeFormatting.js": {"path":"/project/leetcode-FE-assessment-VanillaJS/src/removeFormatting.js","statementMap":{"0":{"start":{"line":1,"column":25},"end":{"line":7,"column":1}},"1":{"start":{"line":2,"column":12},"end":{"line":2,"column":14}},"2":{"start":{"line":3,"column":2},"end":{"line":5,"column":3}},"3":{"start":{"line":3,"column":15},"end":{"line":3,"column":16}},"4":{"start":{"line":4,"column":4},"end":{"line":4,"column":44}},"5":{"start":{"line":4,"column":30},"end":{"line":4,"column":44}},"6":{"start":{"line":6,"column":2},"end":{"line":6,"column":13}},"7":{"start":{"line":9,"column":0},"end":{"line":9,"column":34}}},"fnMap":{"0":{"name":"(anonymous_0)","decl":{"start":{"line":1,"column":25},"end":{"line":1,"column":26}},"loc":{"start":{"line":1,"column":34},"end":{"line":7,"column":1}},"line":1}},"branchMap":{"0":{"loc":{"start":{"line":4,"column":4},"end":{"line":4,"column":44}},"type":"if","locations":[{"start":{"line":4,"column":4},"end":{"line":4,"column":44}},{"start":{},"end":{}}],"line":4}},"s":{"0":2,"1":12,"2":12,"3":12,"4":78,"5":63,"6":12,"7":2},"f":{"0":12},"b":{"0":[63,15]},"_coverageSchema":"1a1c01bbd47fc00a2c39e90264f33305004495a9","hash":"548c8115e6a884d429fbe154bf9dcb07261e372e"}
}
