TN:
SF:src/formatPhone.js
FN:3,(anonymous_0)
FNF:1
FNH:1
FNDA:7,(anonymous_0)
DA:1,1
DA:3,1
DA:4,7
DA:5,6
DA:6,6
DA:7,6
DA:8,6
DA:10,6
DA:11,6
DA:12,4
DA:13,4
DA:15,6
DA:16,2
DA:17,2
DA:19,6
DA:21,1
DA:24,1
LF:17
LH:17
BRDA:4,0,0,6
BRDA:4,0,1,1
BRDA:11,1,0,4
BRDA:11,1,1,2
BRDA:15,2,0,2
BRDA:15,2,1,4
BRDA:19,3,0,6
BRDA:19,3,1,1
BRDA:19,4,0,6
BRDA:19,4,1,2
BRDA:19,5,0,6
BRDA:19,5,1,4
BRF:12
BRH:12
end_of_record
TN:
SF:src/removeFormatting.js
FN:1,(anonymous_0)
FNF:1
FNH:1
FNDA:12,(anonymous_0)
DA:1,2
DA:2,12
DA:3,12
DA:4,78
DA:6,12
DA:9,2
LF:6
LH:6
BRDA:4,0,0,63
BRDA:4,0,1,15
BRF:2
BRH:2
end_of_record
